<?xml version="1.0" encoding="UTF-8" ?>
<testsuite tests="7" failures="1" name="com.crudisdb.util.ValidationTest" time="0.034" errors="0" skipped="0">
  <properties>
[...]
</properties>
  <testcase classname="com.crudisdb.util.ValidationTest" name="com.crudisdb.util.ValidationTest.testCaseEmptyName" time="0.02"/>
  <testcase classname="com.crudisdb.util.ValidationTest" name="com.crudisdb.util.ValidationTest.testCaseInvalidMobile" time="0"/>
  <testcase classname="com.crudisdb.util.ValidationTest" name="com.crudisdb.util.ValidationTest.testCaseInvalidEmail" time="0"/>
  <testcase classname="com.crudisdb.util.ValidationTest" name="com.crudisdb.util.ValidationTest.testCaseInvalidEmail2" time="0"/>
  <testcase classname="com.crudisdb.util.ValidationTest" name="com.crudisdb.util.ValidationTest.testEmpty" time="0"/>
  <testcase classname="com.crudisdb.util.ValidationTest" name="com.crudisdb.util.ValidationTest.testMobile" time="0"/>
  <testcase classname="com.crudisdb.util.ValidationTest" name="com.crudisdb.util.ValidationTest.testEmail" time="0.014">
    <failure message="expected: &lt;true&gt; but was: &lt;false&gt;" type="org.opentest4j.AssertionFailedError">org.opentest4j.AssertionFailedError: expected: &lt;true&gt; but was: &lt;false&gt;
	at org.junit.jupiter.api.AssertionUtils.fail(AssertionUtils.java:55)
	at org.junit.jupiter.api.AssertionUtils.failNotEqual(AssertionUtils.java:62)
	at org.junit.jupiter.api.AssertEquals.assertEquals(AssertEquals.java:182)
	at org.junit.jupiter.api.AssertEquals.assertEquals(AssertEquals.java:177)
	at org.junit.jupiter.api.Assertions.assertEquals(Assertions.java:1124)
	at com.crudisdb.util.ValidationTest.testEmail(ValidationTest.java:83)
</failure>
  </testcase>
</testsuite>